<?xml version="1.0" encoding="UTF-8"?>
<testng-results skipped="0" failed="0" total="2" passed="2">
  <reporter-output>
  </reporter-output>
  <suite name="Default suite" duration-ms="21662" started-at="2017-06-04T06:11:19Z" finished-at="2017-06-04T06:11:41Z">
    <groups>
    </groups>
    <test name="Default test" duration-ms="21662" started-at="2017-06-04T06:11:19Z" finished-at="2017-06-04T06:11:41Z">
      <class name="com.testScripts.TestScripts">
        <test-method status="PASS" signature="setup()[pri:0, instance:com.testScripts.TestScripts@5f2108b5]" name="setup" is-config="true" duration-ms="12112" started-at="2017-06-03T23:11:19Z" finished-at="2017-06-03T23:11:31Z">
          <reporter-output>
          </reporter-output>
        </test-method> <!-- setup -->
        <test-method status="PASS" signature="mouseOverForSignIn()[pri:0, instance:com.testScripts.TestScripts@5f2108b5]" name="mouseOverForSignIn" duration-ms="9154" started-at="2017-06-03T23:11:31Z" finished-at="2017-06-03T23:11:40Z">
          <reporter-output>
          </reporter-output>
        </test-method> <!-- mouseOverForSignIn -->
        <test-method status="PASS" signature="assertionCheckForUser()[pri:1, instance:com.testScripts.TestScripts@5f2108b5]" name="assertionCheckForUser" duration-ms="373" started-at="2017-06-03T23:11:40Z" finished-at="2017-06-03T23:11:41Z">
          <reporter-output>
          </reporter-output>
        </test-method> <!-- assertionCheckForUser -->
      </class> <!-- com.testScripts.TestScripts -->
    </test> <!-- Default test -->
  </suite> <!-- Default suite -->
</testng-results>
